TN:
SF:backend\database_cn.js
FN:4,(anonymous_0)
FN:16,(anonymous_1)
FN:24,(anonymous_2)
FN:30,(anonymous_3)
FNF:4
FNH:4
FNDA:1,(anonymous_0)
FNDA:1,(anonymous_1)
FNDA:1,(anonymous_2)
FNDA:2,(anonymous_3)
DA:1,1
DA:5,1
DA:13,1
DA:17,1
DA:18,1
DA:19,1
DA:20,0
DA:21,0
DA:23,1
DA:24,1
DA:27,0
DA:31,2
DA:35,1
LF:13
LH:10
BRDA:16,0,0,1
BRDA:16,1,0,1
BRF:2
BRH:2
end_of_record
TN:
SF:backend\controllers\paymentController.js
FN:4,(anonymous_0)
FN:25,(anonymous_1)
FNF:2
FNH:2
FNDA:2,(anonymous_0)
FNDA:1,(anonymous_1)
DA:1,1
DA:4,1
DA:5,2
DA:7,2
DA:8,1
DA:11,1
DA:12,1
DA:17,0
DA:19,1
DA:20,1
DA:25,1
DA:26,1
DA:27,1
DA:28,0
DA:30,1
DA:31,1
DA:35,1
LF:17
LH:15
BRDA:7,0,0,1
BRDA:7,0,1,1
BRDA:7,1,0,2
BRDA:7,1,1,1
BRDA:7,1,2,1
BRF:5
BRH:5
end_of_record
